\BOOKMARK [1][-]{section.1}{\376\377\000C\000a\000m\000p\000o\000\040\000G\000r\000a\000v\000i\000t\000a\000t\000o\000r\000i\000o}{}% 1
\BOOKMARK [2][-]{subsection.1.1}{\376\377\000L\000e\000y\000e\000s\000\040\000d\000e\000\040\000K\000e\000p\000l\000e\000r}{section.1}% 2
\BOOKMARK [2][-]{subsection.1.2}{\376\377\000E\000l\000\040\000M\000o\000m\000e\000n\000t\000o\000\040\000A\000n\000g\000u\000l\000a\000r\000\040\000d\000e\000\040\000l\000o\000s\000\040\000P\000l\000a\000n\000e\000t\000a\000s}{section.1}% 3
\BOOKMARK [3][-]{subsubsection.1.2.1}{\376\377\000T\000e\000o\000r\000e\000m\000a\000\040\000d\000e\000\040\000C\000o\000n\000s\000e\000r\000v\000a\000c\000i\000\363\000n\000\040\000d\000e\000l\000\040\000M\000o\000m\000e\000n\000t\000o\000\040\000A\000n\000g\000u\000l\000a\000r}{subsection.1.2}% 4
\BOOKMARK [2][-]{subsection.1.3}{\376\377\000L\000e\000y\000\040\000d\000e\000\040\000G\000r\000a\000v\000i\000t\000a\000c\000i\000\363\000n\000\040\000U\000n\000i\000v\000e\000r\000s\000a\000l}{section.1}% 5
\BOOKMARK [2][-]{subsection.1.4}{\376\377\000C\000a\000m\000p\000o\000\040\000G\000r\000a\000v\000i\000t\000a\000t\000o\000r\000i\000o}{section.1}% 6
\BOOKMARK [2][-]{subsection.1.5}{\376\377\000F\000u\000e\000r\000z\000a\000s\000\040\000C\000o\000n\000s\000e\000r\000v\000a\000t\000i\000v\000a\000s\000\040\000y\000\040\000E\000n\000e\000r\000g\000\355\000a\000s\000\040}{section.1}% 7
\BOOKMARK [3][-]{subsubsection.1.5.1}{\376\377\000E\000n\000e\000r\000g\000\355\000a\000\040\000P\000o\000t\000e\000n\000c\000i\000a\000l\000\040\000G\000r\000a\000v\000i\000t\000a\000t\000o\000r\000i\000a}{subsection.1.5}% 8
\BOOKMARK [3][-]{subsubsection.1.5.2}{\376\377\000P\000o\000t\000e\000n\000c\000i\000a\000l\000\040\000G\000r\000a\000v\000i\000t\000a\000t\000o\000r\000i\000o}{subsection.1.5}% 9
\BOOKMARK [3][-]{subsubsection.1.5.3}{\376\377\000T\000r\000a\000b\000a\000j\000o}{subsection.1.5}% 10
\BOOKMARK [2][-]{subsection.1.6}{\376\377\000S\000a\000t\000\351\000l\000i\000t\000e\000s}{section.1}% 11
\BOOKMARK [3][-]{subsubsection.1.6.1}{\376\377\000V\000e\000l\000o\000c\000i\000d\000a\000d\000\040\000O\000r\000b\000i\000t\000a\000l}{subsection.1.6}% 12
\BOOKMARK [3][-]{subsubsection.1.6.2}{\376\377\000S\000a\000t\000\351\000l\000i\000t\000e\000s\000\040\000G\000e\000o\000e\000s\000t\000a\000c\000i\000o\000n\000a\000r\000i\000o\000s}{subsection.1.6}% 13
\BOOKMARK [3][-]{subsubsection.1.6.3}{\376\377\000V\000e\000l\000o\000c\000i\000d\000a\000d\000\040\000d\000e\000\040\000E\000s\000c\000a\000p\000e}{subsection.1.6}% 14
\BOOKMARK [3][-]{subsubsection.1.6.4}{\376\377\000E\000n\000e\000r\000g\000\355\000a\000\040\000M\000e\000c\000\341\000n\000i\000c\000a\000\040\000d\000e\000\040\000u\000n\000\040\000S\000a\000t\000\351\000l\000i\000t\000e\000\040\000e\000n\000\040\000\323\000r\000b\000i\000t\000a}{subsection.1.6}% 15
\BOOKMARK [3][-]{subsubsection.1.6.5}{\376\377\000P\000r\000i\000n\000c\000i\000p\000i\000o\000\040\000d\000e\000\040\000C\000o\000n\000s\000e\000r\000v\000a\000c\000i\000\363\000n\000\040\000d\000e\000\040\000l\000a\000\040\000E\000n\000e\000r\000g\000\355\000a}{subsection.1.6}% 16
\BOOKMARK [2][-]{subsection.1.7}{\376\377\000R\000e\000s\000u\000m\000e\000n\000\040\000d\000e\000\040\000F\000\363\000r\000m\000u\000l\000a\000s}{section.1}% 17
\BOOKMARK [1][-]{section.2}{\376\377\000C\000a\000m\000p\000o\000\040\000E\000l\000\351\000c\000t\000r\000i\000c\000o}{}% 18
\BOOKMARK [2][-]{subsection.2.1}{\376\377\000C\000a\000r\000g\000a\000s\000\040\000P\000u\000n\000t\000u\000a\000l\000e\000s}{section.2}% 19
\BOOKMARK [3][-]{subsubsection.2.1.1}{\376\377\000L\000e\000y\000\040\000d\000e\000\040\000C\000o\000u\000l\000o\000m\000b}{subsection.2.1}% 20
\BOOKMARK [3][-]{subsubsection.2.1.2}{\376\377\000L\000\355\000n\000e\000a\000s\000\040\000d\000e\000\040\000C\000a\000m\000p\000o\000\040\000E\000l\000\351\000c\000t\000r\000i\000c\000o}{subsection.2.1}% 21
\BOOKMARK [3][-]{subsubsection.2.1.3}{\376\377\000I\000n\000t\000e\000n\000s\000i\000d\000a\000d\000\040\000d\000e\000l\000\040\000C\000a\000m\000p\000o\000\040\000E\000l\000\351\000c\000t\000r\000i\000c\000o}{subsection.2.1}% 22
\BOOKMARK [3][-]{subsubsection.2.1.4}{\376\377\000P\000r\000i\000n\000c\000i\000p\000i\000o\000\040\000d\000e\000\040\000S\000u\000p\000e\000r\000p\000o\000s\000i\000c\000i\000\363\000n}{subsection.2.1}% 23
\BOOKMARK [2][-]{subsection.2.2}{\376\377\000E\000n\000e\000r\000g\000\355\000a\000s\000\040\000y\000\040\000F\000u\000e\000r\000z\000a\000s\000\040\000C\000o\000n\000s\000e\000r\000v\000a\000t\000i\000v\000a\000s}{section.2}% 24
\BOOKMARK [3][-]{subsubsection.2.2.1}{\376\377\000P\000o\000t\000e\000n\000c\000i\000a\000l\000\040\000G\000r\000a\000v\000i\000t\000a\000t\000o\000r\000i\000o\000\040\000\050\000V\000\051}{subsection.2.2}% 25
\BOOKMARK [3][-]{subsubsection.2.2.2}{\376\377\000T\000r\000a\000b\000a\000j\000o\000\040\000\050\000W\000\051}{subsection.2.2}% 26
\BOOKMARK [2][-]{subsection.2.3}{\376\377\000C\000a\000m\000p\000o\000s\000\040\000E\000l\000\351\000c\000t\000r\000i\000c\000o\000s\000\040\000U\000n\000i\000f\000o\000r\000m\000e\000s}{section.2}% 27
\BOOKMARK [3][-]{subsubsection.2.3.1}{\376\377\000L\000\355\000n\000e\000a\000s\000\040\000d\000e\000\040\000C\000a\000m\000p\000o}{subsection.2.3}% 28
\BOOKMARK [3][-]{subsubsection.2.3.2}{\376\377\000M\000o\000v\000i\000m\000i\000e\000n\000t\000o\000\040\000d\000e\000\040\000u\000n\000a\000\040\000C\000a\000r\000g\000a\000\040\000e\000n\000\040\000u\000n\000\040\000C\000a\000m\000p\000o\000\040\000U\000n\000i\000f\000o\000r\000m\000e}{subsection.2.3}% 29
\BOOKMARK [3][-]{subsubsection.2.3.3}{\376\377\000C\000a\000m\000p\000o\000\040\000C\000r\000e\000a\000d\000o\000\040\000p\000o\000r\000\040\000L\000\341\000m\000i\000n\000a\000s\000\040\000I\000n\000f\000i\000n\000i\000t\000a\000s\000,\000\040\000P\000l\000a\000n\000a\000s\000,\000\040\000P\000a\000r\000a\000l\000e\000l\000a\000s\000\040\000y\000\040\000C\000o\000n\000\040\000I\000d\000\351\000n\000t\000i\000c\000a\000\040\000I\000n\000t\000e\000n\000s\000i\000d\000a\000d\000\040\000d\000e\000\040\000C\000a\000r\000g\000a\000,\000\040\000p\000e\000r\000o\000\040\000O\000p\000u\000e\000s\000t\000a}{subsection.2.3}% 30
\BOOKMARK [3][-]{subsubsection.2.3.4}{\376\377\000C\000a\000m\000p\000o\000\040\000C\000r\000e\000a\000d\000o\000\040\000p\000o\000r\000\040\000u\000n\000\040\000H\000i\000l\000o\000\040\000I\000n\000f\000i\000n\000i\000t\000o\000\040\000C\000a\000r\000g\000a\000d\000o\000\040\000d\000e\000\040\000m\000a\000n\000e\000r\000a\000\040\000U\000n\000i\000f\000o\000r\000m\000e}{subsection.2.3}% 31
\BOOKMARK [2][-]{subsection.2.4}{\376\377\000R\000e\000s\000u\000m\000e\000n\000\040\000d\000e\000\040\000F\000\363\000r\000m\000u\000l\000a\000s}{section.2}% 32
\BOOKMARK [1][-]{section.3}{\376\377\000C\000a\000m\000p\000o\000\040\000M\000a\000g\000n\000\351\000t\000i\000c\000o}{}% 33
